<?xml version="1.0" encoding="UTF-8"?>
<!-- Generated by org.testng.reporters.JUnitReportReporter -->
<testsuite name="com.testcases.TC_005_Attachment" tests="1" time="114.861" ignored="0" failures="0" timestamp="26 Mar 2018 05:03:33 GMT" skipped="0" hostname="BRIDT-1402" errors="0">
  <testcase name="CBDAutomation" time="114.861" classname="com.testcases.TC_005_Attachment"/>
</testsuite> <!-- com.testcases.TC_005_Attachment -->
