<?xml version="1.0" encoding="UTF-8"?>
<!-- Generated by org.testng.reporters.JUnitReportReporter -->
<testsuite skipped="2" hostname="BRIDT-1404" name="com.visual.check.TC_001_CBD_BaseFunctinality" tests="3" failures="0" timestamp="21 Sep 2018 11:00:17 GMT" time="36.165" errors="1">
  <testcase name="CBDVisual" time="8.448" classname="com.visual.check.TC_001_CBD_BaseFunctinality">
    <skipped/>
  </testcase> <!-- CBDVisual -->
  <testcase name="CBDVisual" time="0.000" classname="com.visual.check.TC_001_CBD_BaseFunctinality">
    <skipped/>
  </testcase> <!-- CBDVisual -->
  <testcase name="LogoutApplication" time="27.717" classname="com.visual.check.TC_001_CBD_BaseFunctinality">
    <error type="java.lang.NullPointerException">
      <![CDATA[java.lang.NullPointerException
	at com.BusinessProcess.BaseBusinessFlows.PID_App_Logout(BaseBusinessFlows.java:181)
	at com.testcases.ConfigClass.LogoutApplication(ConfigClass.java:176)
	at sun.reflect.NativeMethodAccessorImpl.invoke0(Native Method)
	at sun.reflect.NativeMethodAccessorImpl.invoke(Unknown Source)
	at sun.reflect.DelegatingMethodAccessorImpl.invoke(Unknown Source)
	at java.lang.reflect.Method.invoke(Unknown Source)
	at org.testng.internal.MethodInvocationHelper.invokeMethod(MethodInvocationHelper.java:108)
	at org.testng.internal.Invoker.invokeConfigurationMethod(Invoker.java:523)
	at org.testng.internal.Invoker.invokeConfigurations(Invoker.java:224)
	at org.testng.internal.Invoker.invokeMethod(Invoker.java:723)
	at org.testng.internal.Invoker.invokeTestMethod(Invoker.java:869)
	at org.testng.internal.Invoker.invokeTestMethods(Invoker.java:1193)
	at org.testng.internal.TestMethodWorker.invokeTestMethods(TestMethodWorker.java:126)
	at org.testng.internal.TestMethodWorker.run(TestMethodWorker.java:109)
	at org.testng.TestRunner.privateRun(TestRunner.java:744)
	at org.testng.TestRunner.run(TestRunner.java:602)
	at org.testng.SuiteRunner.runTest(SuiteRunner.java:380)
	at org.testng.SuiteRunner.runSequentially(SuiteRunner.java:375)
	at org.testng.SuiteRunner.privateRun(SuiteRunner.java:340)
	at org.testng.SuiteRunner.run(SuiteRunner.java:289)
	at org.testng.SuiteRunnerWorker.runSuite(SuiteRunnerWorker.java:52)
	at org.testng.SuiteRunnerWorker.run(SuiteRunnerWorker.java:86)
	at org.testng.TestNG.runSuitesSequentially(TestNG.java:1301)
	at org.testng.TestNG.runSuitesLocally(TestNG.java:1226)
	at org.testng.TestNG.runSuites(TestNG.java:1144)
	at org.testng.TestNG.run(TestNG.java:1115)
	at org.testng.remote.AbstractRemoteTestNG.run(AbstractRemoteTestNG.java:132)
	at org.testng.remote.RemoteTestNG.initAndRun(RemoteTestNG.java:230)
	at org.testng.remote.RemoteTestNG.main(RemoteTestNG.java:76)
]]>
    </error>
  </testcase> <!-- LogoutApplication -->
</testsuite> <!-- com.visual.check.TC_001_CBD_BaseFunctinality -->
