<?xml version="1.0" encoding="UTF-8"?>
<!-- Generated by org.testng.reporters.JUnitReportReporter -->
<testsuite skipped="0" hostname="BRIDT-1404" name="com.test.material.TC_004_CBD__Verify_Update_Price_Functionality_for_different_Season_and_Currency_for_Trims" tests="1" failures="0" timestamp="13 Aug 2018 11:01:52 GMT" time="408.980" errors="0">
  <testcase name="MTB_Material_Creation" time="408.980" classname="com.test.material.TC_004_CBD__Verify_Update_Price_Functionality_for_different_Season_and_Currency_for_Trims"/>
</testsuite> <!-- com.test.material.TC_004_CBD__Verify_Update_Price_Functionality_for_different_Season_and_Currency_for_Trims -->
