<?xml version="1.0" encoding="UTF-8"?>
<!-- Generated by org.testng.reporters.JUnitReportReporter -->
<testsuite skipped="0" hostname="BRIDT-1404" name="com.test.material.TC_008_CBD_Time_Taken_To_Edit_CBD" tests="1" failures="0" timestamp="13 Jun 2018 10:42:42 GMT" time="114.430" errors="0">
  <testcase name="MTB_Material_Creation" time="114.430" classname="com.test.material.TC_008_CBD_Time_Taken_To_Edit_CBD"/>
</testsuite> <!-- com.test.material.TC_008_CBD_Time_Taken_To_Edit_CBD -->
