<?xml version="1.0" encoding="UTF-8"?>
<!-- Generated by org.testng.reporters.JUnitReportReporter -->
<testsuite skipped="0" hostname="BRIDT-1404" name="com.test.material.TC_001_CBD__Verify_Update_Price_Functionality_for_different_Season_and_Currency" tests="1" failures="0" timestamp="28 Aug 2018 11:02:03 GMT" time="417.879" errors="0">
  <testcase name="MTB_Material_Creation" time="417.879" classname="com.test.material.TC_001_CBD__Verify_Update_Price_Functionality_for_different_Season_and_Currency"/>
</testsuite> <!-- com.test.material.TC_001_CBD__Verify_Update_Price_Functionality_for_different_Season_and_Currency -->
