<?xml version="1.0" encoding="UTF-8"?>
<!-- Generated by org.testng.reporters.JUnitReportReporter -->
<testsuite skipped="0" hostname="BRIDT-1404" name="com.test.material.MTB_Create_Materail_Supplier_With_Price_Season_for_Trims" tests="1" failures="0" timestamp="12 Jun 2018 14:29:29 GMT" time="644.371" errors="0">
  <testcase name="MTB_Material_Creation" time="644.371" classname="com.test.material.MTB_Create_Materail_Supplier_With_Price_Season_for_Trims"/>
</testsuite> <!-- com.test.material.MTB_Create_Materail_Supplier_With_Price_Season_for_Trims -->
