<?xml version="1.0" encoding="UTF-8"?>
<!-- Generated by org.testng.reporters.JUnitReportReporter -->
<testsuite name="com.testcases.TC_002_CBD_UpdatePriceVerification" tests="1" time="63.299" ignored="0" failures="0" timestamp="30 Aug 2017 07:47:51 GMT" skipped="0" hostname="BRIDT-1402" errors="0">
  <testcase name="CBDAutomation" time="63.299" classname="com.testcases.TC_002_CBD_UpdatePriceVerification"/>
</testsuite> <!-- com.testcases.TC_002_CBD_UpdatePriceVerification -->
