<?xml version="1.0" encoding="UTF-8"?>
<!-- Generated by org.testng.reporters.JUnitReportReporter -->
<testsuite name="com.testcases.CBDSearch" tests="1" time="22.256" ignored="0" failures="0" timestamp="15 May 2017 06:13:44 GMT" skipped="0" hostname="BRIDT-1402" errors="0">
  <testcase name="CBDSearch" time="22.256" classname="com.testcases.CBDSearch"/>
</testsuite> <!-- com.testcases.CBDSearch -->
