<?xml version="1.0" encoding="UTF-8"?>
<!-- Generated by org.testng.reporters.JUnitReportReporter -->
<testsuite skipped="0" hostname="BRIDT-1404" name="com.testcases.TC_001_CBD_BaseFunctinality2" tests="1" failures="1" timestamp="24 Sep 2018 12:08:31 GMT" time="39.577" errors="0">
  <testcase name="CBDAutomation" time="39.577" classname="com.testcases.TC_001_CBD_BaseFunctinality2">
    <failure type="com.applitools.eyes.exceptions.DiffsFoundException" message="Test &#039;Validate UI changes as per requirements of Vaddin upgradation for CBD Application&#039; of &#039;PUMA CBD&#039; detected differences! See details at: https://eyes.applitools.com/app/batches/00000251864509918546/00000251864509918358?accountId=_wuRdkkszkyBsvcF_2IEYw~~">
      <![CDATA[com.applitools.eyes.exceptions.DiffsFoundException: Test 'Validate UI changes as per requirements of Vaddin upgradation for CBD Application' of 'PUMA CBD' detected differences! See details at: https://eyes.applitools.com/app/batches/00000251864509918546/00000251864509918358?accountId=_wuRdkkszkyBsvcF_2IEYw~~
	at com.applitools.eyes.EyesBase.close(EyesBase.java:782)
	at com.applitools.eyes.EyesBase.close(EyesBase.java:723)
	at com.testcases.TC_001_CBD_BaseFunctinality2.CBDAutomation(TC_001_CBD_BaseFunctinality2.java:43)
	at sun.reflect.NativeMethodAccessorImpl.invoke0(Native Method)
	at sun.reflect.NativeMethodAccessorImpl.invoke(Unknown Source)
	at sun.reflect.DelegatingMethodAccessorImpl.invoke(Unknown Source)
	at java.lang.reflect.Method.invoke(Unknown Source)
	at org.testng.internal.MethodInvocationHelper.invokeMethod(MethodInvocationHelper.java:108)
	at org.testng.internal.Invoker.invokeMethod(Invoker.java:661)
	at org.testng.internal.Invoker.invokeTestMethod(Invoker.java:869)
	at org.testng.internal.Invoker.invokeTestMethods(Invoker.java:1193)
	at org.testng.internal.TestMethodWorker.invokeTestMethods(TestMethodWorker.java:126)
	at org.testng.internal.TestMethodWorker.run(TestMethodWorker.java:109)
	at org.testng.TestRunner.privateRun(TestRunner.java:744)
	at org.testng.TestRunner.run(TestRunner.java:602)
	at org.testng.SuiteRunner.runTest(SuiteRunner.java:380)
	at org.testng.SuiteRunner.runSequentially(SuiteRunner.java:375)
	at org.testng.SuiteRunner.privateRun(SuiteRunner.java:340)
	at org.testng.SuiteRunner.run(SuiteRunner.java:289)
	at org.testng.SuiteRunnerWorker.runSuite(SuiteRunnerWorker.java:52)
	at org.testng.SuiteRunnerWorker.run(SuiteRunnerWorker.java:86)
	at org.testng.TestNG.runSuitesSequentially(TestNG.java:1301)
	at org.testng.TestNG.runSuitesLocally(TestNG.java:1226)
	at org.testng.TestNG.runSuites(TestNG.java:1144)
	at org.testng.TestNG.run(TestNG.java:1115)
	at org.testng.remote.AbstractRemoteTestNG.run(AbstractRemoteTestNG.java:132)
	at org.testng.remote.RemoteTestNG.initAndRun(RemoteTestNG.java:230)
	at org.testng.remote.RemoteTestNG.main(RemoteTestNG.java:76)
]]>
    </failure>
  </testcase> <!-- CBDAutomation -->
</testsuite> <!-- com.testcases.TC_001_CBD_BaseFunctinality2 -->
