<?xml version="1.0" encoding="UTF-8"?>
<!-- Generated by org.testng.reporters.JUnitReportReporter -->
<testsuite skipped="0" hostname="BRIDT-1404" name="com.test.material.TC_002_CBD__Verify_Update_Price_Functionality_By_Changing_Currency_and_Season" tests="1" failures="0" timestamp="10 May 2018 08:58:24 GMT" time="168.510" errors="0">
  <testcase name="MTB_Material_Creation" time="168.510" classname="com.test.material.TC_002_CBD__Verify_Update_Price_Functionality_By_Changing_Currency_and_Season"/>
</testsuite> <!-- com.test.material.TC_002_CBD__Verify_Update_Price_Functionality_By_Changing_Currency_and_Season -->
