<?xml version="1.0" encoding="UTF-8"?>
<!-- Generated by org.testng.reporters.JUnitReportReporter -->
<testsuite skipped="0" hostname="BRIDT-1404" name="com.testcases.TC_001_CBD_BaseFunctinality" tests="1" failures="0" timestamp="21 Sep 2018 11:09:59 GMT" time="28.709" errors="0">
  <testcase name="CBDAutomation" time="28.709" classname="com.testcases.TC_001_CBD_BaseFunctinality"/>
</testsuite> <!-- com.testcases.TC_001_CBD_BaseFunctinality -->
