<?xml version="1.0" encoding="UTF-8"?>
<!-- Generated by org.testng.reporters.JUnitReportReporter -->
<testsuite name="com.testcases.TC__004_ProductionBOM" tests="1" time="104.443" ignored="0" failures="0" timestamp="26 Sep 2017 09:59:12 GMT" skipped="0" hostname="BRIDT-1402" errors="0">
  <testcase name="CBDAutomation" time="104.443" classname="com.testcases.TC__004_ProductionBOM"/>
</testsuite> <!-- com.testcases.TC__004_ProductionBOM -->
