<?xml version="1.0" encoding="UTF-8"?>
<!-- Generated by org.testng.reporters.JUnitReportReporter -->
<testsuite name="com.testcases.TC_006_T1Supplier" tests="1" time="102.681" ignored="0" failures="0" timestamp="22 Jan 2018 11:51:06 GMT" skipped="0" hostname="BRIDT-1402" errors="0">
  <testcase name="CBDAutomation" time="102.681" classname="com.testcases.TC_006_T1Supplier"/>
</testsuite> <!-- com.testcases.TC_006_T1Supplier -->
