<?xml version="1.0" encoding="UTF-8"?>
<!-- Generated by org.testng.reporters.JUnitReportReporter -->
<testsuite skipped="0" hostname="BRIDT-1404" name="com.testingteam.TC_001_CBD__Verify_Update_Price_Functionality_for_different_Season_and_Currency" tests="1" failures="0" timestamp="18 Jul 2018 09:45:32 GMT" time="30.950" errors="0">
  <testcase name="MTB_Material_Creation" time="30.950" classname="com.testingteam.TC_001_CBD__Verify_Update_Price_Functionality_for_different_Season_and_Currency"/>
</testsuite> <!-- com.testingteam.TC_001_CBD__Verify_Update_Price_Functionality_for_different_Season_and_Currency -->
