<?xml version="1.0" encoding="UTF-8"?>
<!-- Generated by org.testng.reporters.JUnitReportReporter -->
<testsuite name="com.testcases.FTWPacVerification" tests="1" time="37.376" ignored="0" failures="0" timestamp="20 Mar 2018 09:38:23 GMT" skipped="0" hostname="BRIDT-1402" errors="0">
  <testcase name="CBDAutomation" time="37.376" classname="com.testcases.FTWPacVerification"/>
</testsuite> <!-- com.testcases.FTWPacVerification -->
