<?xml version="1.0" encoding="UTF-8"?>
<!-- Generated by org.testng.reporters.JUnitReportReporter -->
<testsuite name="com.testcases.APPBoMPacVerification" tests="1" time="49.445" ignored="0" failures="0" timestamp="26 Mar 2018 06:31:16 GMT" skipped="0" hostname="BRIDT-1402" errors="0">
  <testcase name="AppPacAutomation" time="49.445" classname="com.testcases.APPBoMPacVerification"/>
</testsuite> <!-- com.testcases.APPBoMPacVerification -->
