<?xml version="1.0" encoding="UTF-8"?>
<!-- Generated by org.testng.reporters.JUnitReportReporter -->
<testsuite name="com.testcases.TC_004_APPBomVerification" tests="1" time="323.478" ignored="8" failures="0" timestamp="20 Mar 2018 09:30:00 GMT" skipped="0" hostname="BRIDT-1402" errors="0">
  <testcase name="CBDAutomation" time="323.478" classname="com.testcases.TC_004_APPBomVerification"/>
  <testcase name="FlushExtentReports" classname="com.testcases.ConfigClass">
    <skipped/>
  </testcase> <!-- FlushExtentReports -->
  <testcase name="FlushExtentReports" classname="com.testcases.ConfigClass">
    <skipped/>
  </testcase> <!-- FlushExtentReports -->
  <testcase name="FlushExtentReports" classname="com.testcases.ConfigClass">
    <skipped/>
  </testcase> <!-- FlushExtentReports -->
  <testcase name="FlushExtentReports" classname="com.testcases.ConfigClass">
    <skipped/>
  </testcase> <!-- FlushExtentReports -->
  <testcase name="ExtentReports" classname="com.testcases.ConfigClass">
    <skipped/>
  </testcase> <!-- ExtentReports -->
  <testcase name="ExtentReports" classname="com.testcases.ConfigClass">
    <skipped/>
  </testcase> <!-- ExtentReports -->
  <testcase name="ExtentReports" classname="com.testcases.ConfigClass">
    <skipped/>
  </testcase> <!-- ExtentReports -->
  <testcase name="ExtentReports" classname="com.testcases.ConfigClass">
    <skipped/>
  </testcase> <!-- ExtentReports -->
</testsuite> <!-- com.testcases.TC_004_APPBomVerification -->
