<?xml version="1.0" encoding="UTF-8"?>
<!-- Generated by org.testng.reporters.JUnitReportReporter -->
<testsuite name="com.testcases.CreateCBD" tests="1" time="191.039" ignored="0" failures="0" timestamp="06 Jun 2017 08:52:42 GMT" skipped="0" hostname="BRIDT-1402" errors="0">
  <testcase name="CBDAutomation" time="191.039" classname="com.testcases.CreateCBD"/>
</testsuite> <!-- com.testcases.CreateCBD -->
