<?xml version="1.0" encoding="UTF-8"?>
<!-- Generated by org.testng.reporters.JUnitReportReporter -->
<testsuite skipped="0" hostname="BRIDT-3249" name="com.visual.check.TC_001_Visual_Check_Validation_for_CBD_Application" tests="1" failures="0" timestamp="27 Sep 2018 11:55:10 GMT" time="48.599" errors="0">
  <testcase name="CBD_UI_Check" time="48.599" classname="com.visual.check.TC_001_Visual_Check_Validation_for_CBD_Application"/>
</testsuite> <!-- com.visual.check.TC_001_Visual_Check_Validation_for_CBD_Application -->
