<?xml version="1.0" encoding="UTF-8"?>
<!-- Generated by org.testng.reporters.JUnitReportReporter -->
<testsuite name="com.testcases.TC_005_ProductionBOM" tests="1" time="91.501" ignored="0" failures="0" timestamp="08 Jan 2018 11:12:39 GMT" skipped="0" hostname="BRIDT-1402" errors="0">
  <testcase name="CBDAutomation" time="91.501" classname="com.testcases.TC_005_ProductionBOM"/>
</testsuite> <!-- com.testcases.TC_005_ProductionBOM -->
