<?xml version="1.0" encoding="UTF-8"?>
<!-- Generated by org.testng.reporters.JUnitReportReporter -->
<testsuite skipped="0" hostname="BRIDT-1404" name="com.test.material.TC_003_CBD_Verify_Update_Price_Functionality_By_Changing_Currency_Season_For_Frabrics" tests="1" failures="0" timestamp="13 Aug 2018 10:53:41 GMT" time="201.913" errors="0">
  <testcase name="MTB_Material_Creation" time="201.913" classname="com.test.material.TC_003_CBD_Verify_Update_Price_Functionality_By_Changing_Currency_Season_For_Frabrics"/>
</testsuite> <!-- com.test.material.TC_003_CBD_Verify_Update_Price_Functionality_By_Changing_Currency_Season_For_Frabrics -->
